OpenSTA 2.6.2 9e96eb85cc Copyright (c) 2025, Parallax Software, Inc.
License GPLv3: GNU GPL version 3 <http://gnu.org/licenses/gpl.html>

This is free software, and you are free to change and redistribute it
under certain conditions; type `show_copying' for details. 
This program comes with ABSOLUTELY NO WARRANTY; for details type `show_warranty'.
Warning: process_lib/sky130_fd_sc_hd__ff_n40C_1v65.lib line 23, default_fanout_load is 0.0.
Warning: find_freq.tcl line 1, set_input_delay relative to a clock defined on the same port/pin not allowed.
Warning: find_freq.tcl line 1, set_input_delay relative to a clock defined on the same port/pin not allowed.
Startpoint: rst_n (input port clocked by clk)
Endpoint: _295_ (removal check against rising-edge clock clk)
Path Group: asynchronous
Path Type: min

  Delay    Time   Description
---------------------------------------------------------
   0.00    0.00   clock clk (rise edge)
   0.00    0.00   clock network delay (ideal)
   0.50    0.50 ^ input external delay
   0.00    0.50 ^ rst_n (in)
   0.00    0.50 ^ _295_/RESET_B (sky130_fd_sc_hd__dfrtp_1)
           0.50   data arrival time

   0.00    0.00   clock clk (rise edge)
   0.00    0.00   clock network delay (ideal)
   0.10    0.10   clock uncertainty
   0.00    0.10   clock reconvergence pessimism
           0.10 ^ _295_/CLK (sky130_fd_sc_hd__dfrtp_1)
   0.25    0.35   library removal time
           0.35   data required time
---------------------------------------------------------
           0.35   data required time
          -0.50   data arrival time
---------------------------------------------------------
           0.15   slack (MET)


Startpoint: _294_ (rising edge-triggered flip-flop clocked by clk)
Endpoint: _294_ (rising edge-triggered flip-flop clocked by clk)
Path Group: clk
Path Type: min

  Delay    Time   Description
---------------------------------------------------------
   0.00    0.00   clock clk (rise edge)
   0.00    0.00   clock network delay (ideal)
   0.00    0.00 ^ _294_/CLK (sky130_fd_sc_hd__dfstp_2)
   0.28    0.28 v _294_/Q (sky130_fd_sc_hd__dfstp_2)
   0.05    0.33 ^ _228_/Y (sky130_fd_sc_hd__o21ai_0)
   0.04    0.37 v _229_/Y (sky130_fd_sc_hd__nand2_1)
   0.00    0.37 v _294_/D (sky130_fd_sc_hd__dfstp_2)
           0.37   data arrival time

   0.00    0.00   clock clk (rise edge)
   0.00    0.00   clock network delay (ideal)
   0.10    0.10   clock uncertainty
   0.00    0.10   clock reconvergence pessimism
           0.10 ^ _294_/CLK (sky130_fd_sc_hd__dfstp_2)
  -0.02    0.08   library hold time
           0.08   data required time
---------------------------------------------------------
           0.08   data required time
          -0.37   data arrival time
---------------------------------------------------------
           0.29   slack (MET)


Startpoint: rst_n (input port clocked by clk)
Endpoint: _294_ (recovery check against rising-edge clock clk)
Path Group: asynchronous
Path Type: max

  Delay    Time   Description
---------------------------------------------------------
   0.00    0.00   clock clk (rise edge)
   0.00    0.00   clock network delay (ideal)
   2.00    2.00 ^ input external delay
   0.00    2.00 ^ rst_n (in)
   0.00    2.00 ^ _294_/SET_B (sky130_fd_sc_hd__dfstp_2)
           2.00   data arrival time

   1.00    1.00   clock clk (rise edge)
   0.00    1.00   clock network delay (ideal)
  -0.10    0.90   clock uncertainty
   0.00    0.90   clock reconvergence pessimism
           0.90 ^ _294_/CLK (sky130_fd_sc_hd__dfstp_2)
   0.10    1.00   library recovery time
           1.00   data required time
---------------------------------------------------------
           1.00   data required time
          -2.00   data arrival time
---------------------------------------------------------
          -1.00   slack (VIOLATED)


Startpoint: incoming_msg_type[0] (input port clocked by clk)
Endpoint: _297_ (rising edge-triggered flip-flop clocked by clk)
Path Group: clk
Path Type: max

  Delay    Time   Description
---------------------------------------------------------
   0.00    0.00   clock clk (rise edge)
   0.00    0.00   clock network delay (ideal)
   2.00    2.00 v input external delay
   0.00    2.00 v incoming_msg_type[0] (in)
   0.44    2.44 ^ _235_/X (sky130_fd_sc_hd__and3b_1)
   0.15    2.60 v _265_/Y (sky130_fd_sc_hd__a21oi_1)
   0.24    2.83 v _267_/X (sky130_fd_sc_hd__a221o_1)
   0.00    2.83 v _297_/D (sky130_fd_sc_hd__dfrtp_1)
           2.83   data arrival time

   1.00    1.00   clock clk (rise edge)
   0.00    1.00   clock network delay (ideal)
  -0.10    0.90   clock uncertainty
   0.00    0.90   clock reconvergence pessimism
           0.90 ^ _297_/CLK (sky130_fd_sc_hd__dfrtp_1)
  -0.12    0.78   library setup time
           0.78   data required time
---------------------------------------------------------
           0.78   data required time
          -2.83   data arrival time
---------------------------------------------------------
          -2.05   slack (VIOLATED)


Clock                   Period          Waveform
----------------------------------------------------
clk                       1.00        0.00      0.50
